[node-socketio] [2022-05-15T10:24:06+02:00] Reset docker entrypoint logs
[node-socketio] [2022-05-15T10:24:07+02:00] Setup logs folders and files owner to frappe...
[node-socketio] [2022-05-15T10:24:07+02:00] Waiting for frappe current site to be set...
[node-socketio] [2022-05-15T10:24:08+02:00] Waiting site...
[node-socketio] [2022-05-15T10:24:18+02:00] Waiting site...
[node-socketio] [2022-05-15T10:24:28+02:00] Waiting site...
[node-socketio] [2022-05-15T10:24:38+02:00] Waiting site...
[node-socketio] [2022-05-15T10:24:48+02:00] Waiting site...
[node-socketio] [2022-05-15T10:24:58+02:00] Waiting site...
[node-socketio] [2022-05-15T10:25:08+02:00] Waiting site...
[node-socketio] [2022-05-15T10:25:19+02:00] Waiting site...
[node-socketio] [2022-05-15T10:25:29+02:00] Waiting site...
[node-socketio] [2022-05-15T10:25:39+02:00] Waiting site...
[node-socketio] [2022-05-15T10:25:49+02:00] Waiting site...
[node-socketio] [2022-05-15T10:25:59+02:00] Waiting site...
[node-socketio] [2022-05-15T10:26:09+02:00] Waiting site...
[node-socketio] [2022-05-15T10:26:19+02:00] Waiting site...
[node-socketio] [2022-05-15T10:26:29+02:00] Waiting for frappe apps to be set...
[node-socketio] [2022-05-15T10:26:29+02:00] Waiting apps...
[node-socketio] [2022-05-15T10:26:39+02:00] Waiting apps...
[node-socketio] [2022-05-15T10:26:49+02:00] Waiting apps...
[node-socketio] [2022-05-15T10:26:59+02:00] Waiting apps...
[node-socketio] [2022-05-15T10:27:09+02:00] Waiting apps...
[node-socketio] [2022-05-15T10:27:19+02:00] Waiting apps...
[node-socketio] [2022-05-15T10:27:29+02:00] Waiting apps...
[node-socketio] [2022-05-15T10:27:39+02:00] Waiting apps...
[node-socketio] [2022-05-15T10:27:49+02:00] Waiting apps...
[node-socketio] [2022-05-15T10:27:59+02:00] Waiting apps...
[node-socketio] [2022-05-15T10:28:09+02:00] Waiting apps...
[node-socketio] [2022-05-15T10:28:19+02:00] Waiting apps...
[node-socketio] [2022-05-15T10:28:29+02:00] Waiting apps...
[node-socketio] [2022-05-15T10:28:39+02:00] Waiting apps...
[node-socketio] [2022-05-15T10:28:49+02:00] Waiting apps...
[node-socketio] [2022-05-15T10:29:00+02:00] Waiting apps...
[node-socketio] [2022-05-15T10:29:10+02:00] Waiting apps...
[node-socketio] [2022-05-15T10:29:20+02:00] Waiting apps...
[node-socketio] [2022-05-15T10:29:30+02:00] Waiting apps...
[node-socketio] [2022-05-15T10:29:40+02:00] Waiting apps...
[node-socketio] [2022-05-15T10:29:50+02:00] Waiting apps...
[node-socketio] [2022-05-15T10:30:00+02:00] Waiting apps...
[node-socketio] [2022-05-15T10:30:10+02:00] Waiting apps...
[node-socketio] [2022-05-15T10:30:20+02:00] Waiting apps...
[node-socketio] [2022-05-15T10:30:30+02:00] Waiting apps...
[node-socketio] [2022-05-15T10:30:40+02:00] Waiting apps...
[node-socketio] [2022-05-15T10:30:50+02:00] Waiting apps...
[node-socketio] [2022-05-15T10:31:00+02:00] Waiting apps...
[node-socketio] [2022-05-15T10:31:10+02:00] Waiting apps...
[node-socketio] [2022-05-15T10:31:20+02:00] Waiting apps...
[node-socketio] [2022-05-15T10:31:30+02:00] Waiting apps...
[node-socketio] [2022-05-15T10:31:40+02:00] Waiting apps...
[node-socketio] [2022-05-15T10:31:50+02:00] Waiting apps...
[node-socketio] [2022-05-15T10:32:00+02:00] Waiting apps...
[node-socketio] [2022-05-15T10:32:10+02:00] Waiting apps...
[node-socketio] [2022-05-15T10:32:21+02:00] Waiting apps...
[node-socketio] [2022-05-15T10:32:31+02:00] Waiting apps...
[node-socketio] [2022-05-15T10:32:41+02:00] Waiting apps...
[node-socketio] [2022-05-15T10:32:51+02:00] Waiting apps...
[node-socketio] [2022-05-15T10:33:01+02:00] Waiting apps...
[node-socketio] [2022-05-15T10:33:11+02:00] Waiting apps...
[node-socketio] [2022-05-15T10:33:21+02:00] Waiting apps...
[node-socketio] [2022-05-15T10:33:31+02:00] Waiting apps...
[node-socketio] [2022-05-15T10:33:41+02:00] Waiting apps...
[node-socketio] [2022-05-15T10:33:51+02:00] Waiting apps...
[node-socketio] [2022-05-15T10:34:01+02:00] Waiting apps...
[node-socketio] [2022-05-15T10:34:11+02:00] Waiting apps...
[node-socketio] [2022-05-15T10:34:21+02:00] Waiting apps...
[node-socketio] [2022-05-15T10:34:31+02:00] Waiting apps...
[node-socketio] [2022-05-15T10:34:41+02:00] Waiting apps...
[node-socketio] [2022-05-15T10:34:51+02:00] Waiting apps...
[node-socketio] [2022-05-15T10:35:02+02:00] Waiting apps...
[node-socketio] [2022-05-15T10:35:12+02:00] Waiting apps...
[node-socketio] [2022-05-15T10:35:22+02:00] Waiting apps...
[node-socketio] [2022-05-15T10:35:32+02:00] Waiting apps...
[node-socketio] [2022-05-15T10:35:42+02:00] Waiting apps...
[node-socketio] [2022-05-15T10:35:52+02:00] Waiting apps...
[node-socketio] [2022-05-15T10:36:02+02:00] Waiting apps...
[node-socketio] [2022-05-15T10:36:12+02:00] Waiting apps...
[node-socketio] [2022-05-15T10:36:22+02:00] Waiting apps...
[node-socketio] [2022-05-15T10:36:32+02:00] Waiting apps...
[node-socketio] [2022-05-15T10:36:42+02:00] Waiting for docker container init...
[node-socketio] [2022-05-15T10:36:42+02:00] Waiting for frappe current site to be set...
[node-socketio] [2022-05-15T10:36:42+02:00] Starting socketio...
