2022-05-15 10:37:44,302 INFO scheduler Scheduled Job Start: frappe.integrations.doctype.s3_backup_settings.s3_backup_settings.take_backups_monthly for localhost
2022-05-15 10:37:44,303 INFO scheduler Scheduled Job Start: frappe.social.doctype.energy_point_log.energy_point_log.send_monthly_summary for localhost
2022-05-15 10:37:45,215 INFO scheduler Scheduled Job Complete: frappe.social.doctype.energy_point_log.energy_point_log.send_monthly_summary for localhost
2022-05-15 10:37:45,319 INFO scheduler Scheduled Job Complete: frappe.integrations.doctype.s3_backup_settings.s3_backup_settings.take_backups_monthly for localhost
2022-05-15 10:37:45,455 INFO scheduler Scheduled Job Start: frappe.email.doctype.auto_email_report.auto_email_report.send_monthly for localhost
2022-05-15 10:37:45,507 DEBUG scheduler Queued events for site localhost
2022-05-15 10:37:45,573 INFO scheduler Scheduled Job Start: frappe.integrations.doctype.google_drive.google_drive.weekly_backup for localhost
2022-05-15 10:37:45,917 INFO scheduler Scheduled Job Complete: frappe.email.doctype.auto_email_report.auto_email_report.send_monthly for localhost
2022-05-15 10:37:46,055 INFO scheduler Scheduled Job Complete: frappe.integrations.doctype.google_drive.google_drive.weekly_backup for localhost
2022-05-15 10:37:46,180 INFO scheduler Scheduled Job Start: frappe.email.doctype.unhandled_email.unhandled_email.remove_old_unhandled_emails for localhost
2022-05-15 10:37:46,291 INFO scheduler Scheduled Job Start: frappe.social.doctype.energy_point_log.energy_point_log.send_weekly_summary for localhost
2022-05-15 10:37:46,476 INFO scheduler Scheduled Job Complete: frappe.email.doctype.unhandled_email.unhandled_email.remove_old_unhandled_emails for localhost
2022-05-15 10:37:46,592 INFO scheduler Scheduled Job Complete: frappe.social.doctype.energy_point_log.energy_point_log.send_weekly_summary for localhost
2022-05-15 10:37:46,750 INFO scheduler Scheduled Job Start: frappe.automation.doctype.auto_repeat.auto_repeat.set_auto_repeat_as_completed for localhost
2022-05-15 10:37:46,814 INFO scheduler Scheduled Job Start: frappe.desk.form.document_follow.send_weekly_updates for localhost
2022-05-15 10:37:47,280 INFO scheduler Scheduled Job Complete: frappe.desk.form.document_follow.send_weekly_updates for localhost
2022-05-15 10:37:47,330 INFO scheduler Scheduled Job Complete: frappe.automation.doctype.auto_repeat.auto_repeat.set_auto_repeat_as_completed for localhost
2022-05-15 10:37:47,528 INFO scheduler Scheduled Job Start: frappe.desk.doctype.route_history.route_history.flush_old_route_records for localhost
2022-05-15 10:37:47,560 INFO scheduler Scheduled Job Start: frappe.automation.doctype.auto_repeat.auto_repeat.make_auto_repeat_entry for localhost
2022-05-15 10:37:47,780 INFO scheduler Scheduled Job Complete: frappe.desk.doctype.route_history.route_history.flush_old_route_records for localhost
2022-05-15 10:37:47,992 INFO scheduler Scheduled Job Start: frappe.integrations.doctype.s3_backup_settings.s3_backup_settings.take_backups_weekly for localhost
2022-05-15 10:37:48,013 INFO scheduler Scheduled Job Complete: frappe.automation.doctype.auto_repeat.auto_repeat.make_auto_repeat_entry for localhost
2022-05-15 10:37:48,236 INFO scheduler Scheduled Job Start: frappe.integrations.doctype.google_contacts.google_contacts.sync for localhost
2022-05-15 10:37:48,320 INFO scheduler Scheduled Job Complete: frappe.integrations.doctype.s3_backup_settings.s3_backup_settings.take_backups_weekly for localhost
2022-05-15 10:37:48,562 INFO scheduler Scheduled Job Start: frappe.integrations.doctype.dropbox_settings.dropbox_settings.take_backups_weekly for localhost
2022-05-15 10:37:48,773 INFO scheduler Scheduled Job Complete: frappe.integrations.doctype.google_contacts.google_contacts.sync for localhost
2022-05-15 10:37:49,033 INFO scheduler Scheduled Job Start: frappe.social.doctype.energy_point_settings.energy_point_settings.allocate_review_points for localhost
2022-05-15 10:37:49,058 INFO scheduler Scheduled Job Complete: frappe.integrations.doctype.dropbox_settings.dropbox_settings.take_backups_weekly for localhost
2022-05-15 10:37:49,305 INFO scheduler Scheduled Job Start: frappe.integrations.doctype.google_drive.google_drive.daily_backup for localhost
2022-05-15 10:37:49,451 INFO scheduler Scheduled Job Complete: frappe.social.doctype.energy_point_settings.energy_point_settings.allocate_review_points for localhost
2022-05-15 10:37:49,687 INFO scheduler Scheduled Job Start: frappe.desk.form.document_follow.send_daily_updates for localhost
2022-05-15 10:37:49,692 INFO scheduler Scheduled Job Complete: frappe.integrations.doctype.google_drive.google_drive.daily_backup for localhost
2022-05-15 10:37:49,916 INFO scheduler Scheduled Job Start: frappe.integrations.doctype.s3_backup_settings.s3_backup_settings.take_backups_daily for localhost
2022-05-15 10:37:50,015 INFO scheduler Scheduled Job Complete: frappe.desk.form.document_follow.send_daily_updates for localhost
2022-05-15 10:37:50,234 INFO scheduler Scheduled Job Start: frappe.website.doctype.personal_data_deletion_request.personal_data_deletion_request.remove_unverified_record for localhost
2022-05-15 10:37:50,281 INFO scheduler Scheduled Job Complete: frappe.integrations.doctype.s3_backup_settings.s3_backup_settings.take_backups_daily for localhost
2022-05-15 10:37:50,489 INFO scheduler Scheduled Job Start: frappe.utils.change_log.check_for_update for localhost
2022-05-15 10:37:50,520 INFO scheduler Scheduled Job Complete: frappe.website.doctype.personal_data_deletion_request.personal_data_deletion_request.remove_unverified_record for localhost
2022-05-15 10:37:50,722 INFO scheduler Scheduled Job Start: frappe.core.doctype.activity_log.activity_log.clear_authentication_logs for localhost
2022-05-15 10:37:51,015 INFO scheduler Scheduled Job Complete: frappe.core.doctype.activity_log.activity_log.clear_authentication_logs for localhost
2022-05-15 10:37:51,270 INFO scheduler Scheduled Job Start: frappe.email.doctype.auto_email_report.auto_email_report.send_daily for localhost
2022-05-15 10:37:51,531 INFO scheduler Scheduled Job Complete: frappe.utils.change_log.check_for_update for localhost
2022-05-15 10:37:51,542 INFO scheduler Scheduled Job Complete: frappe.email.doctype.auto_email_report.auto_email_report.send_daily for localhost
2022-05-15 10:37:51,793 INFO scheduler Scheduled Job Start: frappe.integrations.doctype.dropbox_settings.dropbox_settings.take_backups_daily for localhost
2022-05-15 10:37:51,808 INFO scheduler Scheduled Job Start: frappe.utils.scheduler.restrict_scheduler_events_if_dormant for localhost
2022-05-15 10:37:52,095 INFO scheduler Scheduled Job Failed: frappe.utils.scheduler.restrict_scheduler_events_if_dormant for localhost
2022-05-15 10:37:52,368 INFO scheduler Scheduled Job Complete: frappe.integrations.doctype.dropbox_settings.dropbox_settings.take_backups_daily for localhost
2022-05-15 10:37:52,391 INFO scheduler Scheduled Job Start: frappe.realtime.remove_old_task_logs for localhost
2022-05-15 10:37:52,653 INFO scheduler Scheduled Job Complete: frappe.realtime.remove_old_task_logs for localhost
2022-05-15 10:37:52,841 INFO scheduler Scheduled Job Start: frappe.email.doctype.notification.notification.trigger_daily_alerts for localhost
2022-05-15 10:37:53,084 INFO scheduler Scheduled Job Complete: frappe.email.doctype.notification.notification.trigger_daily_alerts for localhost
2022-05-15 10:37:53,285 INFO scheduler Scheduled Job Start: frappe.sessions.clear_expired_sessions for localhost
2022-05-15 10:37:53,559 INFO scheduler Scheduled Job Complete: frappe.sessions.clear_expired_sessions for localhost
2022-05-15 10:37:53,764 INFO scheduler Scheduled Job Start: frappe.desk.doctype.event.event.send_event_digest for localhost
2022-05-15 10:37:54,011 INFO scheduler Scheduled Job Complete: frappe.desk.doctype.event.event.send_event_digest for localhost
2022-05-15 10:37:54,202 INFO scheduler Scheduled Job Start: frappe.core.doctype.error_log.error_log.set_old_logs_as_seen for localhost
2022-05-15 10:37:54,448 INFO scheduler Scheduled Job Complete: frappe.core.doctype.error_log.error_log.set_old_logs_as_seen for localhost
2022-05-15 10:37:54,642 INFO scheduler Scheduled Job Start: frappe.desk.notifications.clear_notifications for localhost
2022-05-15 10:37:54,935 INFO scheduler Scheduled Job Complete: frappe.desk.notifications.clear_notifications for localhost
2022-05-15 10:37:55,143 INFO scheduler Scheduled Job Start: frappe.email.queue.clear_outbox for localhost
2022-05-15 10:37:55,469 INFO scheduler Scheduled Job Complete: frappe.email.queue.clear_outbox for localhost
2022-05-15 10:37:55,675 INFO scheduler Scheduled Job Start: frappe.email.doctype.newsletter.newsletter.send_scheduled_email for localhost
2022-05-15 10:37:56,147 INFO scheduler Scheduled Job Complete: frappe.email.doctype.newsletter.newsletter.send_scheduled_email for localhost
2022-05-15 10:37:56,359 INFO scheduler Scheduled Job Start: frappe.integrations.doctype.google_calendar.google_calendar.sync for localhost
2022-05-15 10:37:56,856 INFO scheduler Scheduled Job Complete: frappe.integrations.doctype.google_calendar.google_calendar.sync for localhost
2022-05-15 10:37:57,088 INFO scheduler Scheduled Job Start: frappe.desk.form.document_follow.send_hourly_updates for localhost
2022-05-15 10:37:57,452 INFO scheduler Scheduled Job Complete: frappe.desk.form.document_follow.send_hourly_updates for localhost
2022-05-15 10:37:57,679 INFO scheduler Scheduled Job Start: frappe.deferred_insert.save_to_db for localhost
2022-05-15 10:37:57,929 INFO scheduler Scheduled Job Complete: frappe.deferred_insert.save_to_db for localhost
2022-05-15 10:37:58,157 INFO scheduler Scheduled Job Start: frappe.desk.page.backups.backups.delete_downloadable_backups for localhost
2022-05-15 10:37:58,438 INFO scheduler Scheduled Job Complete: frappe.desk.page.backups.backups.delete_downloadable_backups for localhost
2022-05-15 10:37:58,688 INFO scheduler Scheduled Job Start: frappe.utils.error.collect_error_snapshots for localhost
2022-05-15 10:37:59,011 INFO scheduler Scheduled Job Complete: frappe.utils.error.collect_error_snapshots for localhost
2022-05-15 10:37:59,217 INFO scheduler Scheduled Job Start: frappe.model.utils.user_settings.sync_user_settings for localhost
2022-05-15 10:37:59,473 INFO scheduler Scheduled Job Complete: frappe.model.utils.user_settings.sync_user_settings for localhost
2022-05-15 10:37:59,683 INFO scheduler Scheduled Job Start: frappe.model.utils.link_count.update_link_count for localhost
2022-05-15 10:37:59,992 INFO scheduler Scheduled Job Complete: frappe.model.utils.link_count.update_link_count for localhost
2022-05-15 10:38:00,189 INFO scheduler Scheduled Job Start: frappe.monitor.flush for localhost
2022-05-15 10:38:00,259 INFO scheduler Scheduled Job Complete: frappe.monitor.flush for localhost
2022-05-15 10:38:00,451 INFO scheduler Scheduled Job Start: frappe.utils.global_search.sync_global_search for localhost
2022-05-15 10:38:05,509 INFO scheduler Scheduled Job Complete: frappe.utils.global_search.sync_global_search for localhost
2022-05-15 10:38:05,715 INFO scheduler Scheduled Job Start: frappe.integrations.doctype.razorpay_settings.razorpay_settings.capture_payment for localhost
2022-05-15 10:38:05,983 INFO scheduler Scheduled Job Complete: frappe.integrations.doctype.razorpay_settings.razorpay_settings.capture_payment for localhost
2022-05-15 10:38:06,210 INFO scheduler Scheduled Job Start: frappe.email.doctype.email_account.email_account.notify_unreplied for localhost
2022-05-15 10:38:06,566 INFO scheduler Scheduled Job Complete: frappe.email.doctype.email_account.email_account.notify_unreplied for localhost
2022-05-15 10:38:06,761 INFO scheduler Scheduled Job Start: frappe.email.doctype.email_account.email_account.pull for localhost
2022-05-15 10:38:06,975 INFO scheduler Scheduled Job Complete: frappe.email.doctype.email_account.email_account.pull for localhost
2022-05-15 10:38:07,195 INFO scheduler Scheduled Job Start: frappe.email.queue.flush for localhost
2022-05-15 10:38:07,359 INFO scheduler Scheduled Job Complete: frappe.email.queue.flush for localhost
2022-05-15 10:38:07,649 INFO scheduler Scheduled Job Start: frappe.twofactor.delete_all_barcodes_for_users for localhost
2022-05-15 10:38:08,074 INFO scheduler Scheduled Job Complete: frappe.twofactor.delete_all_barcodes_for_users for localhost
2022-05-15 10:38:08,346 INFO scheduler Scheduled Job Start: frappe.website.doctype.web_page.web_page.check_publish_status for localhost
2022-05-15 10:38:08,970 INFO scheduler Scheduled Job Complete: frappe.website.doctype.web_page.web_page.check_publish_status for localhost
2022-05-15 10:38:09,263 INFO scheduler Scheduled Job Start: frappe.oauth.delete_oauth2_data for localhost
2022-05-15 10:38:09,992 INFO scheduler Scheduled Job Complete: frappe.oauth.delete_oauth2_data for localhost
2022-05-15 10:38:46,585 DEBUG scheduler Queued events for site localhost
