[sut] [2022-05-15T10:24:16] Reset docker entrypoint logs
[sut] [2022-05-15T10:24:16] Setup logs folders and files owner to frappe...
[sut] [2022-05-15T10:24:16] Waiting for frappe current site to be set...
[sut] [2022-05-15T10:24:16] Waiting site...
[sut] [2022-05-15T10:24:26] Waiting site...
[sut] [2022-05-15T10:24:36] Waiting site...
[sut] [2022-05-15T10:24:46] Waiting site...
[sut] [2022-05-15T10:24:58] Waiting site...
[sut] [2022-05-15T10:25:08] Waiting site...
[sut] [2022-05-15T10:25:18] Waiting site...
[sut] [2022-05-15T10:25:28] Waiting site...
[sut] [2022-05-15T10:25:38] Waiting site...
[sut] [2022-05-15T10:25:48] Waiting site...
[sut] [2022-05-15T10:25:58] Waiting site...
[sut] [2022-05-15T10:26:08] Waiting site...
[sut] [2022-05-15T10:26:18] Waiting site...
[sut] [2022-05-15T10:26:28] Waiting for frappe apps to be set...
[sut] [2022-05-15T10:26:28] Waiting apps...
[sut] [2022-05-15T10:26:38] Waiting apps...
[sut] [2022-05-15T10:26:48] Waiting apps...
[sut] [2022-05-15T10:26:58] Waiting apps...
[sut] [2022-05-15T10:27:08] Waiting apps...
[sut] [2022-05-15T10:27:18] Waiting apps...
[sut] [2022-05-15T10:27:28] Waiting apps...
[sut] [2022-05-15T10:27:38] Waiting apps...
[sut] [2022-05-15T10:27:48] Waiting apps...
[sut] [2022-05-15T10:27:58] Waiting apps...
[sut] [2022-05-15T10:28:08] Waiting apps...
[sut] [2022-05-15T10:28:18] Waiting apps...
[sut] [2022-05-15T10:28:28] Waiting apps...
[sut] [2022-05-15T10:28:38] Waiting apps...
[sut] [2022-05-15T10:28:48] Waiting apps...
[sut] [2022-05-15T10:28:58] Waiting apps...
[sut] [2022-05-15T10:29:08] Waiting apps...
[sut] [2022-05-15T10:29:18] Waiting apps...
[sut] [2022-05-15T10:29:28] Waiting apps...
[sut] [2022-05-15T10:29:38] Waiting apps...
[sut] [2022-05-15T10:29:48] Waiting apps...
[sut] [2022-05-15T10:29:58] Waiting apps...
[sut] [2022-05-15T10:30:08] Waiting apps...
[sut] [2022-05-15T10:30:18] Waiting apps...
[sut] [2022-05-15T10:30:28] Waiting apps...
[sut] [2022-05-15T10:30:38] Waiting apps...
[sut] [2022-05-15T10:30:48] Waiting apps...
[sut] [2022-05-15T10:30:58] Waiting apps...
[sut] [2022-05-15T10:31:08] Waiting apps...
[sut] [2022-05-15T10:31:18] Waiting apps...
[sut] [2022-05-15T10:31:28] Waiting apps...
[sut] [2022-05-15T10:31:38] Waiting apps...
[sut] [2022-05-15T10:31:48] Waiting apps...
[sut] [2022-05-15T10:31:58] Waiting apps...
[sut] [2022-05-15T10:32:09] Waiting apps...
[sut] [2022-05-15T10:32:19] Waiting apps...
[sut] [2022-05-15T10:32:29] Waiting apps...
[sut] [2022-05-15T10:32:39] Waiting apps...
[sut] [2022-05-15T10:32:49] Waiting apps...
[sut] [2022-05-15T10:32:59] Waiting apps...
[sut] [2022-05-15T10:33:09] Waiting apps...
[sut] [2022-05-15T10:33:19] Waiting apps...
[sut] [2022-05-15T10:33:29] Waiting apps...
[sut] [2022-05-15T10:33:39] Waiting apps...
[sut] [2022-05-15T10:33:49] Waiting apps...
[sut] [2022-05-15T10:33:59] Waiting apps...
[sut] [2022-05-15T10:34:09] Waiting apps...
[sut] [2022-05-15T10:34:19] Waiting apps...
[sut] [2022-05-15T10:34:29] Waiting apps...
[sut] [2022-05-15T10:34:39] Waiting apps...
[sut] [2022-05-15T10:34:49] Waiting apps...
[sut] [2022-05-15T10:34:59] Waiting apps...
[sut] [2022-05-15T10:35:09] Waiting apps...
[sut] [2022-05-15T10:35:19] Waiting apps...
[sut] [2022-05-15T10:35:29] Waiting apps...
[sut] [2022-05-15T10:35:39] Waiting apps...
[sut] [2022-05-15T10:35:49] Waiting apps...
[sut] [2022-05-15T10:35:59] Waiting apps...
[sut] [2022-05-15T10:36:09] Waiting apps...
[sut] [2022-05-15T10:36:19] Waiting apps...
[sut] [2022-05-15T10:36:29] Waiting apps...
[sut] [2022-05-15T10:36:39] Waiting for docker container init...
[sut] [2022-05-15T10:36:39] Waiting for frappe current site to be set...
