[worker-default] [2022-05-15T10:24:07+02:00] Reset docker entrypoint logs
[worker-default] [2022-05-15T10:24:07+02:00] Setup logs folders and files owner to frappe...
[worker-default] [2022-05-15T10:24:08+02:00] Waiting for frappe current site to be set...
[worker-default] [2022-05-15T10:24:08+02:00] Waiting site...
[worker-default] [2022-05-15T10:24:18+02:00] Waiting site...
[worker-default] [2022-05-15T10:24:29+02:00] Waiting site...
[worker-default] [2022-05-15T10:24:39+02:00] Waiting site...
[worker-default] [2022-05-15T10:24:49+02:00] Waiting site...
[worker-default] [2022-05-15T10:24:59+02:00] Waiting site...
[worker-default] [2022-05-15T10:25:09+02:00] Waiting site...
[worker-default] [2022-05-15T10:25:19+02:00] Waiting site...
[worker-default] [2022-05-15T10:25:29+02:00] Waiting site...
[worker-default] [2022-05-15T10:25:39+02:00] Waiting site...
[worker-default] [2022-05-15T10:25:49+02:00] Waiting site...
[worker-default] [2022-05-15T10:25:59+02:00] Waiting site...
[worker-default] [2022-05-15T10:26:09+02:00] Waiting site...
[worker-default] [2022-05-15T10:26:19+02:00] Waiting site...
[worker-default] [2022-05-15T10:26:29+02:00] Waiting for frappe apps to be set...
[worker-default] [2022-05-15T10:26:29+02:00] Waiting apps...
[worker-default] [2022-05-15T10:26:39+02:00] Waiting apps...
[worker-default] [2022-05-15T10:26:49+02:00] Waiting apps...
[worker-default] [2022-05-15T10:26:59+02:00] Waiting apps...
[worker-default] [2022-05-15T10:27:09+02:00] Waiting apps...
[worker-default] [2022-05-15T10:27:20+02:00] Waiting apps...
[worker-default] [2022-05-15T10:27:30+02:00] Waiting apps...
[worker-default] [2022-05-15T10:27:40+02:00] Waiting apps...
[worker-default] [2022-05-15T10:27:50+02:00] Waiting apps...
[worker-default] [2022-05-15T10:28:00+02:00] Waiting apps...
[worker-default] [2022-05-15T10:28:10+02:00] Waiting apps...
[worker-default] [2022-05-15T10:28:20+02:00] Waiting apps...
[worker-default] [2022-05-15T10:28:30+02:00] Waiting apps...
[worker-default] [2022-05-15T10:28:40+02:00] Waiting apps...
[worker-default] [2022-05-15T10:28:50+02:00] Waiting apps...
[worker-default] [2022-05-15T10:29:00+02:00] Waiting apps...
[worker-default] [2022-05-15T10:29:10+02:00] Waiting apps...
[worker-default] [2022-05-15T10:29:20+02:00] Waiting apps...
[worker-default] [2022-05-15T10:29:30+02:00] Waiting apps...
[worker-default] [2022-05-15T10:29:40+02:00] Waiting apps...
[worker-default] [2022-05-15T10:29:50+02:00] Waiting apps...
[worker-default] [2022-05-15T10:30:00+02:00] Waiting apps...
[worker-default] [2022-05-15T10:30:10+02:00] Waiting apps...
[worker-default] [2022-05-15T10:30:20+02:00] Waiting apps...
[worker-default] [2022-05-15T10:30:30+02:00] Waiting apps...
[worker-default] [2022-05-15T10:30:40+02:00] Waiting apps...
[worker-default] [2022-05-15T10:30:50+02:00] Waiting apps...
[worker-default] [2022-05-15T10:31:01+02:00] Waiting apps...
[worker-default] [2022-05-15T10:31:11+02:00] Waiting apps...
[worker-default] [2022-05-15T10:31:21+02:00] Waiting apps...
[worker-default] [2022-05-15T10:31:31+02:00] Waiting apps...
[worker-default] [2022-05-15T10:31:41+02:00] Waiting apps...
[worker-default] [2022-05-15T10:31:51+02:00] Waiting apps...
[worker-default] [2022-05-15T10:32:01+02:00] Waiting apps...
[worker-default] [2022-05-15T10:32:11+02:00] Waiting apps...
[worker-default] [2022-05-15T10:32:21+02:00] Waiting apps...
[worker-default] [2022-05-15T10:32:31+02:00] Waiting apps...
[worker-default] [2022-05-15T10:32:41+02:00] Waiting apps...
[worker-default] [2022-05-15T10:32:51+02:00] Waiting apps...
[worker-default] [2022-05-15T10:33:02+02:00] Waiting apps...
[worker-default] [2022-05-15T10:33:12+02:00] Waiting apps...
[worker-default] [2022-05-15T10:33:22+02:00] Waiting apps...
[worker-default] [2022-05-15T10:33:32+02:00] Waiting apps...
[worker-default] [2022-05-15T10:33:42+02:00] Waiting apps...
[worker-default] [2022-05-15T10:33:52+02:00] Waiting apps...
[worker-default] [2022-05-15T10:34:02+02:00] Waiting apps...
[worker-default] [2022-05-15T10:34:12+02:00] Waiting apps...
[worker-default] [2022-05-15T10:34:22+02:00] Waiting apps...
[worker-default] [2022-05-15T10:34:32+02:00] Waiting apps...
[worker-default] [2022-05-15T10:34:42+02:00] Waiting apps...
[worker-default] [2022-05-15T10:34:52+02:00] Waiting apps...
[worker-default] [2022-05-15T10:35:02+02:00] Waiting apps...
[worker-default] [2022-05-15T10:35:12+02:00] Waiting apps...
[worker-default] [2022-05-15T10:35:22+02:00] Waiting apps...
[worker-default] [2022-05-15T10:35:32+02:00] Waiting apps...
[worker-default] [2022-05-15T10:35:43+02:00] Waiting apps...
[worker-default] [2022-05-15T10:35:53+02:00] Waiting apps...
[worker-default] [2022-05-15T10:36:03+02:00] Waiting apps...
[worker-default] [2022-05-15T10:36:13+02:00] Waiting apps...
[worker-default] [2022-05-15T10:36:23+02:00] Waiting apps...
[worker-default] [2022-05-15T10:36:33+02:00] Waiting apps...
[worker-default] [2022-05-15T10:36:43+02:00] Waiting for docker container init...
[worker-default] [2022-05-15T10:36:43+02:00] Waiting for frappe current site to be set...
[worker-default] [2022-05-15T10:36:43+02:00] Starting default worker...
