[worker-long] [2022-05-15T10:24:07+02:00] Reset docker entrypoint logs
[worker-long] [2022-05-15T10:24:07+02:00] Setup logs folders and files owner to frappe...
[worker-long] [2022-05-15T10:24:09+02:00] Waiting for frappe current site to be set...
[worker-long] [2022-05-15T10:24:09+02:00] Waiting site...
[worker-long] [2022-05-15T10:24:19+02:00] Waiting site...
[worker-long] [2022-05-15T10:24:29+02:00] Waiting site...
[worker-long] [2022-05-15T10:24:39+02:00] Waiting site...
[worker-long] [2022-05-15T10:24:49+02:00] Waiting site...
[worker-long] [2022-05-15T10:24:59+02:00] Waiting site...
[worker-long] [2022-05-15T10:25:10+02:00] Waiting site...
[worker-long] [2022-05-15T10:25:20+02:00] Waiting site...
[worker-long] [2022-05-15T10:25:30+02:00] Waiting site...
[worker-long] [2022-05-15T10:25:40+02:00] Waiting site...
[worker-long] [2022-05-15T10:25:50+02:00] Waiting site...
[worker-long] [2022-05-15T10:26:00+02:00] Waiting site...
[worker-long] [2022-05-15T10:26:10+02:00] Waiting site...
[worker-long] [2022-05-15T10:26:20+02:00] Waiting site...
[worker-long] [2022-05-15T10:26:30+02:00] Waiting for frappe apps to be set...
[worker-long] [2022-05-15T10:26:30+02:00] Waiting apps...
[worker-long] [2022-05-15T10:26:40+02:00] Waiting apps...
[worker-long] [2022-05-15T10:26:50+02:00] Waiting apps...
[worker-long] [2022-05-15T10:27:00+02:00] Waiting apps...
[worker-long] [2022-05-15T10:27:10+02:00] Waiting apps...
[worker-long] [2022-05-15T10:27:20+02:00] Waiting apps...
[worker-long] [2022-05-15T10:27:30+02:00] Waiting apps...
[worker-long] [2022-05-15T10:27:40+02:00] Waiting apps...
[worker-long] [2022-05-15T10:27:50+02:00] Waiting apps...
[worker-long] [2022-05-15T10:28:00+02:00] Waiting apps...
[worker-long] [2022-05-15T10:28:10+02:00] Waiting apps...
[worker-long] [2022-05-15T10:28:20+02:00] Waiting apps...
[worker-long] [2022-05-15T10:28:30+02:00] Waiting apps...
[worker-long] [2022-05-15T10:28:40+02:00] Waiting apps...
[worker-long] [2022-05-15T10:28:50+02:00] Waiting apps...
[worker-long] [2022-05-15T10:29:01+02:00] Waiting apps...
[worker-long] [2022-05-15T10:29:11+02:00] Waiting apps...
[worker-long] [2022-05-15T10:29:21+02:00] Waiting apps...
[worker-long] [2022-05-15T10:29:31+02:00] Waiting apps...
[worker-long] [2022-05-15T10:29:41+02:00] Waiting apps...
[worker-long] [2022-05-15T10:29:51+02:00] Waiting apps...
[worker-long] [2022-05-15T10:30:01+02:00] Waiting apps...
[worker-long] [2022-05-15T10:30:11+02:00] Waiting apps...
[worker-long] [2022-05-15T10:30:21+02:00] Waiting apps...
[worker-long] [2022-05-15T10:30:31+02:00] Waiting apps...
[worker-long] [2022-05-15T10:30:41+02:00] Waiting apps...
[worker-long] [2022-05-15T10:30:51+02:00] Waiting apps...
[worker-long] [2022-05-15T10:31:01+02:00] Waiting apps...
[worker-long] [2022-05-15T10:31:11+02:00] Waiting apps...
[worker-long] [2022-05-15T10:31:21+02:00] Waiting apps...
[worker-long] [2022-05-15T10:31:31+02:00] Waiting apps...
[worker-long] [2022-05-15T10:31:41+02:00] Waiting apps...
[worker-long] [2022-05-15T10:31:51+02:00] Waiting apps...
[worker-long] [2022-05-15T10:32:02+02:00] Waiting apps...
[worker-long] [2022-05-15T10:32:12+02:00] Waiting apps...
[worker-long] [2022-05-15T10:32:22+02:00] Waiting apps...
[worker-long] [2022-05-15T10:32:32+02:00] Waiting apps...
[worker-long] [2022-05-15T10:32:42+02:00] Waiting apps...
[worker-long] [2022-05-15T10:32:52+02:00] Waiting apps...
[worker-long] [2022-05-15T10:33:02+02:00] Waiting apps...
[worker-long] [2022-05-15T10:33:13+02:00] Waiting apps...
[worker-long] [2022-05-15T10:33:23+02:00] Waiting apps...
[worker-long] [2022-05-15T10:33:33+02:00] Waiting apps...
[worker-long] [2022-05-15T10:33:43+02:00] Waiting apps...
[worker-long] [2022-05-15T10:33:53+02:00] Waiting apps...
[worker-long] [2022-05-15T10:34:03+02:00] Waiting apps...
[worker-long] [2022-05-15T10:34:13+02:00] Waiting apps...
[worker-long] [2022-05-15T10:34:23+02:00] Waiting apps...
[worker-long] [2022-05-15T10:34:33+02:00] Waiting apps...
[worker-long] [2022-05-15T10:34:43+02:00] Waiting apps...
[worker-long] [2022-05-15T10:34:53+02:00] Waiting apps...
[worker-long] [2022-05-15T10:35:03+02:00] Waiting apps...
[worker-long] [2022-05-15T10:35:13+02:00] Waiting apps...
[worker-long] [2022-05-15T10:35:24+02:00] Waiting apps...
[worker-long] [2022-05-15T10:35:34+02:00] Waiting apps...
[worker-long] [2022-05-15T10:35:44+02:00] Waiting apps...
[worker-long] [2022-05-15T10:35:54+02:00] Waiting apps...
[worker-long] [2022-05-15T10:36:04+02:00] Waiting apps...
[worker-long] [2022-05-15T10:36:14+02:00] Waiting apps...
[worker-long] [2022-05-15T10:36:24+02:00] Waiting apps...
[worker-long] [2022-05-15T10:36:34+02:00] Waiting for docker container init...
[worker-long] [2022-05-15T10:36:34+02:00] Waiting for frappe current site to be set...
[worker-long] [2022-05-15T10:36:34+02:00] Starting long worker...
