[worker-short] [2022-05-15T10:24:07+02:00] Reset docker entrypoint logs
[worker-short] [2022-05-15T10:24:07+02:00] Setup logs folders and files owner to frappe...
[worker-short] [2022-05-15T10:24:08+02:00] Waiting for frappe current site to be set...
[worker-short] [2022-05-15T10:24:08+02:00] Waiting site...
[worker-short] [2022-05-15T10:24:19+02:00] Waiting site...
[worker-short] [2022-05-15T10:24:29+02:00] Waiting site...
[worker-short] [2022-05-15T10:24:39+02:00] Waiting site...
[worker-short] [2022-05-15T10:24:49+02:00] Waiting site...
[worker-short] [2022-05-15T10:24:59+02:00] Waiting site...
[worker-short] [2022-05-15T10:25:09+02:00] Waiting site...
[worker-short] [2022-05-15T10:25:19+02:00] Waiting site...
[worker-short] [2022-05-15T10:25:29+02:00] Waiting site...
[worker-short] [2022-05-15T10:25:39+02:00] Waiting site...
[worker-short] [2022-05-15T10:25:49+02:00] Waiting site...
[worker-short] [2022-05-15T10:25:59+02:00] Waiting site...
[worker-short] [2022-05-15T10:26:09+02:00] Waiting site...
[worker-short] [2022-05-15T10:26:19+02:00] Waiting site...
[worker-short] [2022-05-15T10:26:29+02:00] Waiting for frappe apps to be set...
[worker-short] [2022-05-15T10:26:29+02:00] Waiting apps...
[worker-short] [2022-05-15T10:26:39+02:00] Waiting apps...
[worker-short] [2022-05-15T10:26:50+02:00] Waiting apps...
[worker-short] [2022-05-15T10:27:00+02:00] Waiting apps...
[worker-short] [2022-05-15T10:27:10+02:00] Waiting apps...
[worker-short] [2022-05-15T10:27:20+02:00] Waiting apps...
[worker-short] [2022-05-15T10:27:30+02:00] Waiting apps...
[worker-short] [2022-05-15T10:27:40+02:00] Waiting apps...
[worker-short] [2022-05-15T10:27:50+02:00] Waiting apps...
[worker-short] [2022-05-15T10:28:00+02:00] Waiting apps...
[worker-short] [2022-05-15T10:28:10+02:00] Waiting apps...
[worker-short] [2022-05-15T10:28:20+02:00] Waiting apps...
[worker-short] [2022-05-15T10:28:30+02:00] Waiting apps...
[worker-short] [2022-05-15T10:28:40+02:00] Waiting apps...
[worker-short] [2022-05-15T10:28:50+02:00] Waiting apps...
[worker-short] [2022-05-15T10:29:00+02:00] Waiting apps...
[worker-short] [2022-05-15T10:29:10+02:00] Waiting apps...
[worker-short] [2022-05-15T10:29:20+02:00] Waiting apps...
[worker-short] [2022-05-15T10:29:30+02:00] Waiting apps...
[worker-short] [2022-05-15T10:29:40+02:00] Waiting apps...
[worker-short] [2022-05-15T10:29:50+02:00] Waiting apps...
[worker-short] [2022-05-15T10:30:00+02:00] Waiting apps...
[worker-short] [2022-05-15T10:30:11+02:00] Waiting apps...
[worker-short] [2022-05-15T10:30:21+02:00] Waiting apps...
[worker-short] [2022-05-15T10:30:31+02:00] Waiting apps...
[worker-short] [2022-05-15T10:30:41+02:00] Waiting apps...
[worker-short] [2022-05-15T10:30:51+02:00] Waiting apps...
[worker-short] [2022-05-15T10:31:01+02:00] Waiting apps...
[worker-short] [2022-05-15T10:31:11+02:00] Waiting apps...
[worker-short] [2022-05-15T10:31:21+02:00] Waiting apps...
[worker-short] [2022-05-15T10:31:31+02:00] Waiting apps...
[worker-short] [2022-05-15T10:31:41+02:00] Waiting apps...
[worker-short] [2022-05-15T10:31:51+02:00] Waiting apps...
[worker-short] [2022-05-15T10:32:01+02:00] Waiting apps...
[worker-short] [2022-05-15T10:32:11+02:00] Waiting apps...
[worker-short] [2022-05-15T10:32:21+02:00] Waiting apps...
[worker-short] [2022-05-15T10:32:32+02:00] Waiting apps...
[worker-short] [2022-05-15T10:32:42+02:00] Waiting apps...
[worker-short] [2022-05-15T10:32:52+02:00] Waiting apps...
[worker-short] [2022-05-15T10:33:02+02:00] Waiting apps...
[worker-short] [2022-05-15T10:33:13+02:00] Waiting apps...
[worker-short] [2022-05-15T10:33:23+02:00] Waiting apps...
[worker-short] [2022-05-15T10:33:33+02:00] Waiting apps...
[worker-short] [2022-05-15T10:33:43+02:00] Waiting apps...
[worker-short] [2022-05-15T10:33:53+02:00] Waiting apps...
[worker-short] [2022-05-15T10:34:03+02:00] Waiting apps...
[worker-short] [2022-05-15T10:34:13+02:00] Waiting apps...
[worker-short] [2022-05-15T10:34:23+02:00] Waiting apps...
[worker-short] [2022-05-15T10:34:33+02:00] Waiting apps...
[worker-short] [2022-05-15T10:34:43+02:00] Waiting apps...
[worker-short] [2022-05-15T10:34:53+02:00] Waiting apps...
[worker-short] [2022-05-15T10:35:03+02:00] Waiting apps...
[worker-short] [2022-05-15T10:35:13+02:00] Waiting apps...
[worker-short] [2022-05-15T10:35:23+02:00] Waiting apps...
[worker-short] [2022-05-15T10:35:33+02:00] Waiting apps...
[worker-short] [2022-05-15T10:35:43+02:00] Waiting apps...
[worker-short] [2022-05-15T10:35:54+02:00] Waiting apps...
[worker-short] [2022-05-15T10:36:04+02:00] Waiting apps...
[worker-short] [2022-05-15T10:36:14+02:00] Waiting apps...
[worker-short] [2022-05-15T10:36:24+02:00] Waiting apps...
[worker-short] [2022-05-15T10:36:34+02:00] Waiting apps...
[worker-short] [2022-05-15T10:36:44+02:00] Waiting for docker container init...
[worker-short] [2022-05-15T10:36:44+02:00] Waiting for frappe current site to be set...
[worker-short] [2022-05-15T10:36:44+02:00] Starting short worker...
